<?xml version="1.0" encoding="UTF-8"?>
<testng-results ignored="0" total="1" passed="1" failed="0" skipped="0">
  <reporter-output>
  </reporter-output>
  <suite started-at="2022-12-30T16:07:46Z" name="Default suite" finished-at="2022-12-30T16:09:29Z" duration-ms="103433">
    <groups>
      <group name="cucumber">
        <method signature="AbstractTestNGCucumberTests.feature(cucumber.api.testng.CucumberFeatureWrapper)[pri:0, instance:testrunners.AdminLoginTest@2474f125]" name="feature" class="cucumber.api.testng.AbstractTestNGCucumberTests"/>
      </group> <!-- cucumber -->
    </groups>
    <test started-at="2022-12-30T16:07:46Z" name="Default test" finished-at="2022-12-30T16:09:29Z" duration-ms="103433">
      <class name="testrunners.AdminLoginTest">
        <test-method is-config="true" signature="setUpClass()[pri:0, instance:testrunners.AdminLoginTest@2474f125]" started-at="2022-12-30T16:07:46Z" name="setUpClass" finished-at="2022-12-30T16:07:47Z" duration-ms="782" status="PASS">
          <reporter-output>
          </reporter-output>
        </test-method> <!-- setUpClass -->
        <test-method signature="feature(cucumber.api.testng.CucumberFeatureWrapper)[pri:0, instance:testrunners.AdminLoginTest@2474f125]" started-at="2022-12-30T16:07:47Z" name="feature" description="Runs Cucumber Feature" data-provider="features" finished-at="2022-12-30T16:09:28Z" duration-ms="101132" status="PASS">
          <params>
            <param index="0">
              <value>
                <![CDATA[Admin Login]]>
              </value>
            </param>
          </params>
          <reporter-output>
          </reporter-output>
        </test-method> <!-- feature -->
        <test-method is-config="true" signature="tearDownClass()[pri:0, instance:testrunners.AdminLoginTest@2474f125]" started-at="2022-12-30T16:09:28Z" name="tearDownClass" finished-at="2022-12-30T16:09:29Z" duration-ms="1111" status="PASS">
          <reporter-output>
          </reporter-output>
        </test-method> <!-- tearDownClass -->
      </class> <!-- testrunners.AdminLoginTest -->
    </test> <!-- Default test -->
  </suite> <!-- Default suite -->
</testng-results>
